<?xml version="1.0" encoding="UTF-8"?>
<testsuite name="org.example.demo_sc.DemoScApplicationTests" tests="1" skipped="0" failures="0" errors="0" timestamp="2025-01-09T02:35:13" hostname="MOONYS" time="0.427">
  <properties/>
  <testcase name="contextLoads()" classname="org.example.demo_sc.DemoScApplicationTests" time="0.427"/>
  <system-out><![CDATA[11:35:08.467 [Test worker] INFO org.springframework.test.context.support.AnnotationConfigContextLoaderUtils -- Could not detect default configuration classes for test class [org.example.demo_sc.DemoScApplicationTests]: DemoScApplicationTests does not declare any static, non-private, non-final, nested classes annotated with @Configuration.
11:35:08.601 [Test worker] INFO org.springframework.boot.test.context.SpringBootTestContextBootstrapper -- Found @SpringBootConfiguration org.example.demo_sc.DemoScApplication for test class org.example.demo_sc.DemoScApplicationTests

  .   ____          _            __ _ _
 /\\ / ___'_ __ _ _(_)_ __  __ _ \ \ \ \
( ( )\___ | '_ | '_| | '_ \/ _` | \ \ \ \
 \\/  ___)| |_)| | | | | || (_| |  ) ) ) )
  '  |____| .__|_| |_|_| |_\__, | / / / /
 =========|_|==============|___/=/_/_/_/

 :: Spring Boot ::                (v3.4.1)

2025-01-09T11:35:09.050+09:00  INFO 21224 --- [demo] [    Test worker] o.e.demo_sc.DemoScApplicationTests       : Starting DemoScApplicationTests using Java 17.0.9 with PID 21224 (started by moo_nys in C:\SK_Shielders\backend)
2025-01-09T11:35:09.051+09:00  INFO 21224 --- [demo] [    Test worker] o.e.demo_sc.DemoScApplicationTests       : No active profile set, falling back to 1 default profile: "default"
2025-01-09T11:35:09.699+09:00  INFO 21224 --- [demo] [    Test worker] .s.d.r.c.RepositoryConfigurationDelegate : Bootstrapping Spring Data JPA repositories in DEFAULT mode.
2025-01-09T11:35:09.763+09:00  INFO 21224 --- [demo] [    Test worker] .s.d.r.c.RepositoryConfigurationDelegate : Finished Spring Data repository scanning in 53 ms. Found 3 JPA repository interfaces.
2025-01-09T11:35:10.205+09:00  INFO 21224 --- [demo] [    Test worker] o.hibernate.jpa.internal.util.LogHelper  : HHH000204: Processing PersistenceUnitInfo [name: default]
2025-01-09T11:35:10.291+09:00  INFO 21224 --- [demo] [    Test worker] org.hibernate.Version                    : HHH000412: Hibernate ORM core version 6.6.4.Final
2025-01-09T11:35:10.338+09:00  INFO 21224 --- [demo] [    Test worker] o.h.c.internal.RegionFactoryInitiator    : HHH000026: Second-level cache disabled
2025-01-09T11:35:10.655+09:00  INFO 21224 --- [demo] [    Test worker] o.s.o.j.p.SpringPersistenceUnitInfo      : No LoadTimeWeaver setup: ignoring JPA class transformer
2025-01-09T11:35:10.687+09:00  INFO 21224 --- [demo] [    Test worker] com.zaxxer.hikari.HikariDataSource       : HikariPool-1 - Starting...
2025-01-09T11:35:10.822+09:00  INFO 21224 --- [demo] [    Test worker] com.zaxxer.hikari.pool.HikariPool        : HikariPool-1 - Added connection com.mysql.cj.jdbc.ConnectionImpl@16f4a3c0
2025-01-09T11:35:10.824+09:00  INFO 21224 --- [demo] [    Test worker] com.zaxxer.hikari.HikariDataSource       : HikariPool-1 - Start completed.
2025-01-09T11:35:10.902+09:00  INFO 21224 --- [demo] [    Test worker] org.hibernate.orm.connections.pooling    : HHH10001005: Database info:
	Database JDBC URL [Connecting through datasource 'HikariDataSource (HikariPool-1)']
	Database driver: undefined/unknown
	Database version: 9.1
	Autocommit mode: undefined/unknown
	Isolation level: undefined/unknown
	Minimum pool size: undefined/unknown
	Maximum pool size: undefined/unknown
2025-01-09T11:35:11.822+09:00  INFO 21224 --- [demo] [    Test worker] o.h.e.t.j.p.i.JtaPlatformInitiator       : HHH000489: No JTA platform available (set 'hibernate.transaction.jta.platform' to enable JTA platform integration)
Hibernate: create table attachments (attachment_no integer not null auto_increment, file_name varchar(255) not null, file_type varchar(50) not null, file_url varchar(500) not null, uploaded_at datetime(6), post_no integer not null, primary key (attachment_no)) engine=InnoDB
Hibernate: create table comments (comment_no integer not null auto_increment, comment varchar(255) not null, created_at datetime(6), updated_at datetime(6), post_no integer not null, user_no integer not null, primary key (comment_no)) engine=InnoDB
Hibernate: create table companies (company_no integer not null auto_increment, company_name varchar(100) not null, created_at datetime(6), primary key (company_no)) engine=InnoDB
Hibernate: create table mentors (mentor_id integer not null auto_increment, assigned_at datetime(6), company_no integer not null, user_no integer not null, primary key (mentor_id)) engine=InnoDB
Hibernate: create table posts (post_no integer not null auto_increment, content TEXT, created_at datetime(6) not null, file_path varchar(255), title varchar(200) not null, updated_at datetime(6), company_no integer, user_no integer not null, primary key (post_no)) engine=InnoDB
Hibernate: create table users (user_no integer not null auto_increment, created_at datetime(6), email varchar(100) not null, password varchar(255) not null, updated_at datetime(6), user_name varchar(50) not null, primary key (user_no)) engine=InnoDB
Hibernate: alter table users drop index UK6dotkott2kjsp8vw4d0m25fb7
Hibernate: alter table users add constraint UK6dotkott2kjsp8vw4d0m25fb7 unique (email)
Hibernate: alter table attachments add constraint FKhs6x3af37kb16y5rv6s03d1ej foreign key (post_no) references posts (post_no)
Hibernate: alter table comments add constraint FKhxm94v68f5te63coxkuido1j1 foreign key (post_no) references posts (post_no)
Hibernate: alter table comments add constraint FKq866qkghndqhgnj5ebdya37p2 foreign key (user_no) references users (user_no)
Hibernate: alter table mentors add constraint FK1rtcrys92r5x01yvhu2cuyq8 foreign key (company_no) references companies (company_no)
Hibernate: alter table mentors add constraint FKtp4wholutgd4iwrv4pnf9i2qm foreign key (user_no) references users (user_no)
Hibernate: alter table posts add constraint FKdaf9g1eh077knlupvswo2assn foreign key (company_no) references companies (company_no)
Hibernate: alter table posts add constraint FKr7kho16f5uodbmxgts2hp4js foreign key (user_no) references users (user_no)
2025-01-09T11:35:12.244+09:00  INFO 21224 --- [demo] [    Test worker] j.LocalContainerEntityManagerFactoryBean : Initialized JPA EntityManagerFactory for persistence unit 'default'
2025-01-09T11:35:12.586+09:00  WARN 21224 --- [demo] [    Test worker] JpaBaseConfiguration$JpaWebConfiguration : spring.jpa.open-in-view is enabled by default. Therefore, database queries may be performed during view rendering. Explicitly configure spring.jpa.open-in-view to disable this warning
2025-01-09T11:35:12.617+09:00  INFO 21224 --- [demo] [    Test worker] r$InitializeUserDetailsManagerConfigurer : Global AuthenticationManager configured with UserDetailsService bean with name userDetailService
2025-01-09T11:35:13.265+09:00  INFO 21224 --- [demo] [    Test worker] o.e.demo_sc.DemoScApplicationTests       : Started DemoScApplicationTests in 4.5 seconds (process running for 5.655)
]]></system-out>
  <system-err><![CDATA[]]></system-err>
</testsuite>
